2026-04-08 10:52:00 [main] INFO  o.s.b.a.e.web.EndpointLinksResolver - Exposing 4 endpoints beneath base path '/actuator'
2026-04-08 10:52:00 [main] INFO  o.s.s.c.a.a.c.InitializeUserDetailsBeanManagerConfigurer$InitializeUserDetailsManagerConfigurer - Global AuthenticationManager configured with UserDetailsService bean with name userServiceImpl
2026-04-08 10:52:02 [main] INFO  o.a.coyote.http11.Http11NioProtocol - Starting ProtocolHandler ["http-nio-8080"]
2026-04-08 10:52:02 [main] INFO  o.s.b.w.e.tomcat.TomcatWebServer - Tomcat started on port 8080 (http) with context path '/'
2026-04-08 10:52:02 [main] INFO  o.a.k.c.consumer.ConsumerConfig - ConsumerConfig values: 
	allow.auto.create.topics = true
	auto.commit.interval.ms = 5000
	auto.include.jmx.reporter = true
	auto.offset.reset = earliest
	bootstrap.servers = [localhost:9092]
	check.crcs = true
	client.dns.lookup = use_all_dns_ips
	client.id = consumer-bkrc-notification-group-1
	client.rack = 
	connections.max.idle.ms = 540000
	default.api.timeout.ms = 60000
	enable.auto.commit = false
	enable.metrics.push = true
	exclude.internal.topics = true
	fetch.max.bytes = 52428800
	fetch.max.wait.ms = 500
	fetch.min.bytes = 1
	group.id = bkrc-notification-group
	group.instance.id = null
	group.protocol = classic
	group.remote.assignor = null
	heartbeat.interval.ms = 3000
	interceptor.classes = []
	internal.leave.group.on.close = true
	internal.throw.on.fetch.stable.offset.unsupported = false
	isolation.level = read_uncommitted
	key.deserializer = class org.apache.kafka.common.serialization.StringDeserializer
	max.partition.fetch.bytes = 1048576
	max.poll.interval.ms = 300000
	max.poll.records = 500
	metadata.max.age.ms = 300000
	metadata.recovery.strategy = none
	metric.reporters = []
	metrics.num.samples = 2
	metrics.recording.level = INFO
	metrics.sample.window.ms = 30000
	partition.assignment.strategy = [class org.apache.kafka.clients.consumer.RangeAssignor, class org.apache.kafka.clients.consumer.CooperativeStickyAssignor]
	receive.buffer.bytes = 65536
	reconnect.backoff.max.ms = 1000
	reconnect.backoff.ms = 50
	request.timeout.ms = 30000
	retry.backoff.max.ms = 1000
	retry.backoff.ms = 100
	sasl.client.callback.handler.class = null
	sasl.jaas.config = null
	sasl.kerberos.kinit.cmd = /usr/bin/kinit
	sasl.kerberos.min.time.before.relogin = 60000
	sasl.kerberos.service.name = null
	sasl.kerberos.ticket.renew.jitter = 0.05
	sasl.kerberos.ticket.renew.window.factor = 0.8
	sasl.login.callback.handler.class = null
	sasl.login.class = null
	sasl.login.connect.timeout.ms = null
	sasl.login.read.timeout.ms = null
	sasl.login.refresh.buffer.seconds = 300
	sasl.login.refresh.min.period.seconds = 60
	sasl.login.refresh.window.factor = 0.8
	sasl.login.refresh.window.jitter = 0.05
	sasl.login.retry.backoff.max.ms = 10000
	sasl.login.retry.backoff.ms = 100
	sasl.mechanism = GSSAPI
	sasl.oauthbearer.clock.skew.seconds = 30
	sasl.oauthbearer.expected.audience = null
	sasl.oauthbearer.expected.issuer = null
	sasl.oauthbearer.header.urlencode = false
	sasl.oauthbearer.jwks.endpoint.refresh.ms = 3600000
	sasl.oauthbearer.jwks.endpoint.retry.backoff.max.ms = 10000
	sasl.oauthbearer.jwks.endpoint.retry.backoff.ms = 100
	sasl.oauthbearer.jwks.endpoint.url = null
	sasl.oauthbearer.scope.claim.name = scope
	sasl.oauthbearer.sub.claim.name = sub
	sasl.oauthbearer.token.endpoint.url = null
	security.protocol = PLAINTEXT
	security.providers = null
	send.buffer.bytes = 131072
	session.timeout.ms = 45000
	socket.connection.setup.timeout.max.ms = 30000
	socket.connection.setup.timeout.ms = 10000
	ssl.cipher.suites = null
	ssl.enabled.protocols = [TLSv1.2, TLSv1.3]
	ssl.endpoint.identification.algorithm = https
	ssl.engine.factory.class = null
	ssl.key.password = null
	ssl.keymanager.algorithm = SunX509
	ssl.keystore.certificate.chain = null
	ssl.keystore.key = null
	ssl.keystore.location = null
	ssl.keystore.password = null
	ssl.keystore.type = JKS
	ssl.protocol = TLSv1.3
	ssl.provider = null
	ssl.secure.random.implementation = null
	ssl.trustmanager.algorithm = PKIX
	ssl.truststore.certificates = null
	ssl.truststore.location = null
	ssl.truststore.password = null
	ssl.truststore.type = JKS
	value.deserializer = class org.springframework.kafka.support.serializer.JsonDeserializer

2026-04-08 10:52:02 [main] INFO  o.a.k.c.t.i.KafkaMetricsCollector - initializing Kafka metrics collector
2026-04-08 10:52:03 [main] INFO  o.a.kafka.common.utils.AppInfoParser - Kafka version: 3.9.1
2026-04-08 10:52:03 [main] INFO  o.a.kafka.common.utils.AppInfoParser - Kafka commitId: f745dfdcee2b9851
2026-04-08 10:52:03 [main] INFO  o.a.kafka.common.utils.AppInfoParser - Kafka startTimeMs: 1775613123021
2026-04-08 10:52:03 [main] INFO  o.a.k.c.c.i.ClassicKafkaConsumer - [Consumer clientId=consumer-bkrc-notification-group-1, groupId=bkrc-notification-group] Subscribed to topic(s): book_like
2026-04-08 10:52:03 [main] INFO  o.a.k.c.consumer.ConsumerConfig - ConsumerConfig values: 
	allow.auto.create.topics = true
	auto.commit.interval.ms = 5000
	auto.include.jmx.reporter = true
	auto.offset.reset = earliest
	bootstrap.servers = [localhost:9092]
	check.crcs = true
	client.dns.lookup = use_all_dns_ips
	client.id = consumer-bkrc-notification-group-2
	client.rack = 
	connections.max.idle.ms = 540000
	default.api.timeout.ms = 60000
	enable.auto.commit = false
	enable.metrics.push = true
	exclude.internal.topics = true
	fetch.max.bytes = 52428800
	fetch.max.wait.ms = 500
	fetch.min.bytes = 1
	group.id = bkrc-notification-group
	group.instance.id = null
	group.protocol = classic
	group.remote.assignor = null
	heartbeat.interval.ms = 3000
	interceptor.classes = []
	internal.leave.group.on.close = true
	internal.throw.on.fetch.stable.offset.unsupported = false
	isolation.level = read_uncommitted
	key.deserializer = class org.apache.kafka.common.serialization.StringDeserializer
	max.partition.fetch.bytes = 1048576
	max.poll.interval.ms = 300000
	max.poll.records = 500
	metadata.max.age.ms = 300000
	metadata.recovery.strategy = none
	metric.reporters = []
	metrics.num.samples = 2
	metrics.recording.level = INFO
	metrics.sample.window.ms = 30000
	partition.assignment.strategy = [class org.apache.kafka.clients.consumer.RangeAssignor, class org.apache.kafka.clients.consumer.CooperativeStickyAssignor]
	receive.buffer.bytes = 65536
	reconnect.backoff.max.ms = 1000
	reconnect.backoff.ms = 50
	request.timeout.ms = 30000
	retry.backoff.max.ms = 1000
	retry.backoff.ms = 100
	sasl.client.callback.handler.class = null
	sasl.jaas.config = null
	sasl.kerberos.kinit.cmd = /usr/bin/kinit
	sasl.kerberos.min.time.before.relogin = 60000
	sasl.kerberos.service.name = null
	sasl.kerberos.ticket.renew.jitter = 0.05
	sasl.kerberos.ticket.renew.window.factor = 0.8
	sasl.login.callback.handler.class = null
	sasl.login.class = null
	sasl.login.connect.timeout.ms = null
	sasl.login.read.timeout.ms = null
	sasl.login.refresh.buffer.seconds = 300
	sasl.login.refresh.min.period.seconds = 60
	sasl.login.refresh.window.factor = 0.8
	sasl.login.refresh.window.jitter = 0.05
	sasl.login.retry.backoff.max.ms = 10000
	sasl.login.retry.backoff.ms = 100
	sasl.mechanism = GSSAPI
	sasl.oauthbearer.clock.skew.seconds = 30
	sasl.oauthbearer.expected.audience = null
	sasl.oauthbearer.expected.issuer = null
	sasl.oauthbearer.header.urlencode = false
	sasl.oauthbearer.jwks.endpoint.refresh.ms = 3600000
	sasl.oauthbearer.jwks.endpoint.retry.backoff.max.ms = 10000
	sasl.oauthbearer.jwks.endpoint.retry.backoff.ms = 100
	sasl.oauthbearer.jwks.endpoint.url = null
	sasl.oauthbearer.scope.claim.name = scope
	sasl.oauthbearer.sub.claim.name = sub
	sasl.oauthbearer.token.endpoint.url = null
	security.protocol = PLAINTEXT
	security.providers = null
	send.buffer.bytes = 131072
	session.timeout.ms = 45000
	socket.connection.setup.timeout.max.ms = 30000
	socket.connection.setup.timeout.ms = 10000
	ssl.cipher.suites = null
	ssl.enabled.protocols = [TLSv1.2, TLSv1.3]
	ssl.endpoint.identification.algorithm = https
	ssl.engine.factory.class = null
	ssl.key.password = null
	ssl.keymanager.algorithm = SunX509
	ssl.keystore.certificate.chain = null
	ssl.keystore.key = null
	ssl.keystore.location = null
	ssl.keystore.password = null
	ssl.keystore.type = JKS
	ssl.protocol = TLSv1.3
	ssl.provider = null
	ssl.secure.random.implementation = null
	ssl.trustmanager.algorithm = PKIX
	ssl.truststore.certificates = null
	ssl.truststore.location = null
	ssl.truststore.password = null
	ssl.truststore.type = JKS
	value.deserializer = class org.springframework.kafka.support.serializer.JsonDeserializer

2026-04-08 10:52:03 [main] INFO  o.a.k.c.t.i.KafkaMetricsCollector - initializing Kafka metrics collector
2026-04-08 10:52:03 [main] INFO  o.a.kafka.common.utils.AppInfoParser - Kafka version: 3.9.1
2026-04-08 10:52:03 [main] INFO  o.a.kafka.common.utils.AppInfoParser - Kafka commitId: f745dfdcee2b9851
2026-04-08 10:52:03 [main] INFO  o.a.kafka.common.utils.AppInfoParser - Kafka startTimeMs: 1775613123082
2026-04-08 10:52:03 [main] INFO  o.a.k.c.c.i.ClassicKafkaConsumer - [Consumer clientId=consumer-bkrc-notification-group-2, groupId=bkrc-notification-group] Subscribed to topic(s): member_join, member_modify
2026-04-08 10:52:03 [main] INFO  com.bkrc.bkrcv3.BkrcV3Application - Started BkrcV3Application in 15.642 seconds (process running for 16.688)
2026-04-08 10:52:03 [RMI TCP Connection(5)-192.168.111.1] INFO  o.a.c.c.C.[Tomcat].[localhost].[/] - Initializing Spring DispatcherServlet 'dispatcherServlet'
2026-04-08 10:52:03 [RMI TCP Connection(5)-192.168.111.1] INFO  o.s.web.servlet.DispatcherServlet - Initializing Servlet 'dispatcherServlet'
2026-04-08 10:52:03 [RMI TCP Connection(5)-192.168.111.1] INFO  o.s.web.servlet.DispatcherServlet - Completed initialization in 4 ms
2026-04-08 10:52:04 [org.springframework.kafka.KafkaListenerEndpointContainer#0-0-C-1] WARN  o.apache.kafka.clients.NetworkClient - [Consumer clientId=consumer-bkrc-notification-group-1, groupId=bkrc-notification-group] The metadata response from the cluster reported a recoverable issue with correlation id 3 : {book_like=LEADER_NOT_AVAILABLE}
2026-04-08 10:52:04 [org.springframework.kafka.KafkaListenerEndpointContainer#1-0-C-1] WARN  o.apache.kafka.clients.NetworkClient - [Consumer clientId=consumer-bkrc-notification-group-2, groupId=bkrc-notification-group] The metadata response from the cluster reported a recoverable issue with correlation id 3 : {member_modify=LEADER_NOT_AVAILABLE, member_join=LEADER_NOT_AVAILABLE}
2026-04-08 10:52:04 [org.springframework.kafka.KafkaListenerEndpointContainer#1-0-C-1] INFO  org.apache.kafka.clients.Metadata - [Consumer clientId=consumer-bkrc-notification-group-2, groupId=bkrc-notification-group] Cluster ID: HwbFKRRVSlCnwmR2pIGyMQ
2026-04-08 10:52:04 [org.springframework.kafka.KafkaListenerEndpointContainer#0-0-C-1] INFO  org.apache.kafka.clients.Metadata - [Consumer clientId=consumer-bkrc-notification-group-1, groupId=bkrc-notification-group] Cluster ID: HwbFKRRVSlCnwmR2pIGyMQ
2026-04-08 10:52:04 [org.springframework.kafka.KafkaListenerEndpointContainer#0-0-C-1] WARN  o.apache.kafka.clients.NetworkClient - [Consumer clientId=consumer-bkrc-notification-group-1, groupId=bkrc-notification-group] The metadata response from the cluster reported a recoverable issue with correlation id 7 : {book_like=LEADER_NOT_AVAILABLE}
2026-04-08 10:52:04 [org.springframework.kafka.KafkaListenerEndpointContainer#1-0-C-1] WARN  o.apache.kafka.clients.NetworkClient - [Consumer clientId=consumer-bkrc-notification-group-2, groupId=bkrc-notification-group] The metadata response from the cluster reported a recoverable issue with correlation id 7 : {member_modify=LEADER_NOT_AVAILABLE, member_join=LEADER_NOT_AVAILABLE}
2026-04-08 10:52:04 [org.springframework.kafka.KafkaListenerEndpointContainer#1-0-C-1] WARN  o.apache.kafka.clients.NetworkClient - [Consumer clientId=consumer-bkrc-notification-group-2, groupId=bkrc-notification-group] The metadata response from the cluster reported a recoverable issue with correlation id 9 : {member_modify=LEADER_NOT_AVAILABLE, member_join=LEADER_NOT_AVAILABLE}
2026-04-08 10:52:04 [org.springframework.kafka.KafkaListenerEndpointContainer#0-0-C-1] WARN  o.apache.kafka.clients.NetworkClient - [Consumer clientId=consumer-bkrc-notification-group-1, groupId=bkrc-notification-group] The metadata response from the cluster reported a recoverable issue with correlation id 9 : {book_like=LEADER_NOT_AVAILABLE}
2026-04-08 10:52:05 [org.springframework.kafka.KafkaListenerEndpointContainer#1-0-C-1] WARN  o.apache.kafka.clients.NetworkClient - [Consumer clientId=consumer-bkrc-notification-group-2, groupId=bkrc-notification-group] The metadata response from the cluster reported a recoverable issue with correlation id 11 : {member_join=LEADER_NOT_AVAILABLE}
2026-04-08 10:52:06 [org.springframework.kafka.KafkaListenerEndpointContainer#0-0-C-1] INFO  o.a.k.c.c.i.ConsumerCoordinator - [Consumer clientId=consumer-bkrc-notification-group-1, groupId=bkrc-notification-group] Discovered group coordinator localhost:9092 (id: 2147482646 rack: null)
2026-04-08 10:52:06 [org.springframework.kafka.KafkaListenerEndpointContainer#0-0-C-1] INFO  o.a.k.c.c.i.ConsumerCoordinator - [Consumer clientId=consumer-bkrc-notification-group-1, groupId=bkrc-notification-group] (Re-)joining group
2026-04-08 10:52:06 [org.springframework.kafka.KafkaListenerEndpointContainer#1-0-C-1] INFO  o.a.k.c.c.i.ConsumerCoordinator - [Consumer clientId=consumer-bkrc-notification-group-2, groupId=bkrc-notification-group] Discovered group coordinator localhost:9092 (id: 2147482646 rack: null)
2026-04-08 10:52:06 [org.springframework.kafka.KafkaListenerEndpointContainer#1-0-C-1] INFO  o.a.k.c.c.i.ConsumerCoordinator - [Consumer clientId=consumer-bkrc-notification-group-2, groupId=bkrc-notification-group] (Re-)joining group
2026-04-08 10:52:06 [org.springframework.kafka.KafkaListenerEndpointContainer#0-0-C-1] INFO  o.a.k.c.c.i.ConsumerCoordinator - [Consumer clientId=consumer-bkrc-notification-group-1, groupId=bkrc-notification-group] Request joining group due to: need to re-join with the given member-id: consumer-bkrc-notification-group-1-fcd59897-dff9-49b6-80fa-7052657c613b
2026-04-08 10:52:06 [org.springframework.kafka.KafkaListenerEndpointContainer#1-0-C-1] INFO  o.a.k.c.c.i.ConsumerCoordinator - [Consumer clientId=consumer-bkrc-notification-group-2, groupId=bkrc-notification-group] Request joining group due to: need to re-join with the given member-id: consumer-bkrc-notification-group-2-654632fa-7a8a-4c13-9c75-33b854a9af11
2026-04-08 10:52:06 [org.springframework.kafka.KafkaListenerEndpointContainer#1-0-C-1] INFO  o.a.k.c.c.i.ConsumerCoordinator - [Consumer clientId=consumer-bkrc-notification-group-2, groupId=bkrc-notification-group] (Re-)joining group
2026-04-08 10:52:06 [org.springframework.kafka.KafkaListenerEndpointContainer#0-0-C-1] INFO  o.a.k.c.c.i.ConsumerCoordinator - [Consumer clientId=consumer-bkrc-notification-group-1, groupId=bkrc-notification-group] (Re-)joining group
2026-04-08 10:52:12 [org.springframework.kafka.KafkaListenerEndpointContainer#0-0-C-1] INFO  o.a.k.c.c.i.ConsumerCoordinator - [Consumer clientId=consumer-bkrc-notification-group-1, groupId=bkrc-notification-group] Successfully joined group with generation Generation{generationId=1, memberId='consumer-bkrc-notification-group-1-fcd59897-dff9-49b6-80fa-7052657c613b', protocol='range'}
2026-04-08 10:52:12 [org.springframework.kafka.KafkaListenerEndpointContainer#1-0-C-1] INFO  o.a.k.c.c.i.ConsumerCoordinator - [Consumer clientId=consumer-bkrc-notification-group-2, groupId=bkrc-notification-group] Successfully joined group with generation Generation{generationId=1, memberId='consumer-bkrc-notification-group-2-654632fa-7a8a-4c13-9c75-33b854a9af11', protocol='range'}
2026-04-08 10:52:12 [org.springframework.kafka.KafkaListenerEndpointContainer#1-0-C-1] INFO  o.a.k.c.c.i.ConsumerCoordinator - [Consumer clientId=consumer-bkrc-notification-group-2, groupId=bkrc-notification-group] Finished assignment for group at generation 1: {consumer-bkrc-notification-group-1-fcd59897-dff9-49b6-80fa-7052657c613b=Assignment(partitions=[book_like-0]), consumer-bkrc-notification-group-2-654632fa-7a8a-4c13-9c75-33b854a9af11=Assignment(partitions=[member_modify-0, member_join-0])}
2026-04-08 10:52:12 [org.springframework.kafka.KafkaListenerEndpointContainer#0-0-C-1] INFO  o.a.k.c.c.i.ConsumerCoordinator - [Consumer clientId=consumer-bkrc-notification-group-1, groupId=bkrc-notification-group] Successfully synced group in generation Generation{generationId=1, memberId='consumer-bkrc-notification-group-1-fcd59897-dff9-49b6-80fa-7052657c613b', protocol='range'}
2026-04-08 10:52:12 [org.springframework.kafka.KafkaListenerEndpointContainer#1-0-C-1] INFO  o.a.k.c.c.i.ConsumerCoordinator - [Consumer clientId=consumer-bkrc-notification-group-2, groupId=bkrc-notification-group] Successfully synced group in generation Generation{generationId=1, memberId='consumer-bkrc-notification-group-2-654632fa-7a8a-4c13-9c75-33b854a9af11', protocol='range'}
2026-04-08 10:52:12 [org.springframework.kafka.KafkaListenerEndpointContainer#0-0-C-1] INFO  o.a.k.c.c.i.ConsumerCoordinator - [Consumer clientId=consumer-bkrc-notification-group-1, groupId=bkrc-notification-group] Notifying assignor about the new Assignment(partitions=[book_like-0])
2026-04-08 10:52:12 [org.springframework.kafka.KafkaListenerEndpointContainer#1-0-C-1] INFO  o.a.k.c.c.i.ConsumerCoordinator - [Consumer clientId=consumer-bkrc-notification-group-2, groupId=bkrc-notification-group] Notifying assignor about the new Assignment(partitions=[member_modify-0, member_join-0])
2026-04-08 10:52:12 [org.springframework.kafka.KafkaListenerEndpointContainer#1-0-C-1] INFO  o.a.k.c.c.i.ConsumerRebalanceListenerInvoker - [Consumer clientId=consumer-bkrc-notification-group-2, groupId=bkrc-notification-group] Adding newly assigned partitions: member_join-0, member_modify-0
2026-04-08 10:52:12 [org.springframework.kafka.KafkaListenerEndpointContainer#0-0-C-1] INFO  o.a.k.c.c.i.ConsumerRebalanceListenerInvoker - [Consumer clientId=consumer-bkrc-notification-group-1, groupId=bkrc-notification-group] Adding newly assigned partitions: book_like-0
2026-04-08 10:52:12 [org.springframework.kafka.KafkaListenerEndpointContainer#1-0-C-1] INFO  o.a.k.c.c.i.ConsumerCoordinator - [Consumer clientId=consumer-bkrc-notification-group-2, groupId=bkrc-notification-group] Found no committed offset for partition member_join-0
2026-04-08 10:52:12 [org.springframework.kafka.KafkaListenerEndpointContainer#0-0-C-1] INFO  o.a.k.c.c.i.ConsumerCoordinator - [Consumer clientId=consumer-bkrc-notification-group-1, groupId=bkrc-notification-group] Found no committed offset for partition book_like-0
2026-04-08 10:52:12 [org.springframework.kafka.KafkaListenerEndpointContainer#1-0-C-1] INFO  o.a.k.c.c.i.ConsumerCoordinator - [Consumer clientId=consumer-bkrc-notification-group-2, groupId=bkrc-notification-group] Found no committed offset for partition member_modify-0
2026-04-08 10:52:12 [org.springframework.kafka.KafkaListenerEndpointContainer#0-0-C-1] INFO  o.a.k.c.c.i.SubscriptionState - [Consumer clientId=consumer-bkrc-notification-group-1, groupId=bkrc-notification-group] Resetting offset for partition book_like-0 to position FetchPosition{offset=0, offsetEpoch=Optional.empty, currentLeader=LeaderAndEpoch{leader=Optional[localhost:9092 (id: 1001 rack: null)], epoch=0}}.
2026-04-08 10:52:12 [org.springframework.kafka.KafkaListenerEndpointContainer#1-0-C-1] INFO  o.a.k.c.c.i.SubscriptionState - [Consumer clientId=consumer-bkrc-notification-group-2, groupId=bkrc-notification-group] Resetting offset for partition member_join-0 to position FetchPosition{offset=0, offsetEpoch=Optional.empty, currentLeader=LeaderAndEpoch{leader=Optional[localhost:9092 (id: 1001 rack: null)], epoch=0}}.
2026-04-08 10:52:12 [org.springframework.kafka.KafkaListenerEndpointContainer#1-0-C-1] INFO  o.a.k.c.c.i.SubscriptionState - [Consumer clientId=consumer-bkrc-notification-group-2, groupId=bkrc-notification-group] Resetting offset for partition member_modify-0 to position FetchPosition{offset=0, offsetEpoch=Optional.empty, currentLeader=LeaderAndEpoch{leader=Optional[localhost:9092 (id: 1001 rack: null)], epoch=0}}.
2026-04-08 10:52:12 [org.springframework.kafka.KafkaListenerEndpointContainer#1-0-C-1] INFO  o.s.k.l.KafkaMessageListenerContainer - bkrc-notification-group: partitions assigned: [member_join-0, member_modify-0]
2026-04-08 10:52:12 [org.springframework.kafka.KafkaListenerEndpointContainer#0-0-C-1] INFO  o.s.k.l.KafkaMessageListenerContainer - bkrc-notification-group: partitions assigned: [book_like-0]
